{"contracts/Hashify.sol":{"l":{"24":1,"28":2,"29":2,"33":3,"34":3,"35":3,"36":1,"37":1,"41":1,"42":1,"43":1,"45":1,"49":1,"58":3,"59":1,"60":1,"61":1,"63":1,"64":1},"path":"/Users/dylanbaker/Local/hashify/smart-contract/contracts/Hashify.sol","s":{"1":1,"2":2,"3":3,"4":3,"5":3,"6":1,"7":1,"8":1,"9":1,"10":1,"11":1,"12":1,"13":3,"14":1,"15":1,"16":1,"17":1},"b":{"1":[1,2],"2":[1,2]},"f":{"1":1,"2":2,"3":3,"4":1,"5":1,"6":3},"fnMap":{"1":{"name":null,"line":23,"loc":{"start":{"line":23,"column":4},"end":{"line":23,"column":22}}},"2":{"name":"addHash","line":27,"loc":{"start":{"line":27,"column":4},"end":{"line":27,"column":40}}},"3":{"name":"registerVerification","line":32,"loc":{"start":{"line":32,"column":4},"end":{"line":32,"column":85}}},"4":{"name":"getHashes","line":40,"loc":{"start":{"line":40,"column":4},"end":{"line":40,"column":29}}},"5":{"name":"getHashInfo","line":48,"loc":{"start":{"line":48,"column":4},"end":{"line":48,"column":63}}},"6":{"name":"deleteHash","line":57,"loc":{"start":{"line":57,"column":4},"end":{"line":57,"column":44}}}},"statementMap":{"1":{"start":{"line":24,"column":8},"end":{"line":24,"column":25}},"2":{"start":{"line":29,"column":8},"end":{"line":29,"column":70}},"3":{"start":{"line":33,"column":8},"end":{"line":33,"column":61}},"4":{"start":{"line":34,"column":8},"end":{"line":34,"column":107}},"5":{"start":{"line":35,"column":8},"end":{"line":35,"column":62}},"6":{"start":{"line":36,"column":8},"end":{"line":36,"column":82}},"7":{"start":{"line":37,"column":8},"end":{"line":37,"column":84}},"8":{"start":{"line":41,"column":8},"end":{"line":41,"column":79}},"9":{"start":{"line":42,"column":8},"end":{"line":42,"column":1632}},"10":{"start":{"line":43,"column":12},"end":{"line":43,"column":55}},"11":{"start":{"line":45,"column":8},"end":{"line":45,"column":51}},"12":{"start":{"line":49,"column":8},"end":{"line":49,"column":1919}},"13":{"start":{"line":58,"column":8},"end":{"line":58,"column":50}},"14":{"start":{"line":59,"column":8},"end":{"line":59,"column":60}},"15":{"start":{"line":60,"column":8},"end":{"line":60,"column":2319}},"16":{"start":{"line":61,"column":12},"end":{"line":61,"column":58}},"17":{"start":{"line":64,"column":8},"end":{"line":64,"column":49}}},"branchMap":{"1":{"line":35,"type":"if","locations":[{"start":{"line":35,"column":8},"end":{"line":35,"column":8}},{"start":{"line":35,"column":8},"end":{"line":35,"column":8}}]},"2":{"line":58,"type":"if","locations":[{"start":{"line":58,"column":8},"end":{"line":58,"column":8}},{"start":{"line":58,"column":8},"end":{"line":58,"column":8}}]}}},"contracts/Upgrade.sol":{"l":{"9":1,"13":5,"14":1,"18":14,"19":13,"23":3,"37":1,"41":10,"42":10},"path":"/Users/dylanbaker/Local/hashify/smart-contract/contracts/Upgrade.sol","s":{"1":1,"2":5,"3":14,"4":13,"5":1,"6":10},"b":{"1":[1,4],"2":[13,1]},"f":{"1":1,"2":5,"3":14,"4":3,"5":1,"6":10},"fnMap":{"1":{"name":null,"line":8,"loc":{"start":{"line":8,"column":4},"end":{"line":8,"column":22}}},"2":{"name":"setNewVersion","line":12,"loc":{"start":{"line":12,"column":4},"end":{"line":12,"column":56}}},"3":{"name":"getLatestVersion","line":17,"loc":{"start":{"line":17,"column":4},"end":{"line":17,"column":58}}},"4":{"name":"requireContract","line":22,"loc":{"start":{"line":22,"column":4},"end":{"line":22,"column":90}}},"5":{"name":null,"line":36,"loc":{"start":{"line":36,"column":4},"end":{"line":36,"column":39}}},"6":{"name":null,"line":40,"loc":{"start":{"line":40,"column":4},"end":{"line":40,"column":29}}}},"statementMap":{"1":{"start":{"line":9,"column":8},"end":{"line":9,"column":25}},"2":{"start":{"line":13,"column":8},"end":{"line":13,"column":72}},"3":{"start":{"line":18,"column":8},"end":{"line":18,"column":36}},"4":{"start":{"line":19,"column":8},"end":{"line":19,"column":42}},"5":{"start":{"line":37,"column":8},"end":{"line":37,"column":41}},"6":{"start":{"line":41,"column":8},"end":{"line":41,"column":45}}},"branchMap":{"1":{"line":13,"type":"if","locations":[{"start":{"line":13,"column":8},"end":{"line":13,"column":8}},{"start":{"line":13,"column":8},"end":{"line":13,"column":8}}]},"2":{"line":18,"type":"if","locations":[{"start":{"line":18,"column":8},"end":{"line":18,"column":8}},{"start":{"line":18,"column":8},"end":{"line":18,"column":8}}]}}}}